{"meta": {"format": 2, "version": "7.5.3", "timestamp": "2024-08-09T08:03:54.995848", "branch_coverage": false, "show_contexts": false}, "files": {"src/raimad/__init__.py": {"executed_lines": [1, 5, 6, 8, 9, 10, 11, 12, 13, 30, 31, 33, 35, 36, 37, 38, 39, 40, 41, 42, 43, 44, 45, 46, 47, 48, 50, 51, 52, 53, 54, 56, 57, 59, 60, 61, 62, 64, 67], "summary": {"covered_lines": 38, "num_statements": 38, "percent_covered": 100.0, "percent_covered_display": "100", "missing_lines": 0, "excluded_lines": 0}, "missing_lines": [], "excluded_lines": []}, "src/raimad/affine.py": {"executed_lines": [1, 5, 6, 7, 9, 10, 12, 14, 15, 21, 22, 23, 25, 26, 31, 51, 53, 61, 62, 64, 65, 67, 70, 72, 73, 77, 80, 81, 87, 88, 94, 95, 101, 102, 103, 105, 107, 111, 113, 117, 118, 119, 121, 125, 126, 132, 136, 138, 145, 150, 158, 159, 160, 163, 164, 166], "summary": {"covered_lines": 55, "num_statements": 55, "percent_covered": 100.0, "percent_covered_display": "100", "missing_lines": 0, "excluded_lines": 0}, "missing_lines": [], "excluded_lines": []}, "src/raimad/annotation.py": {"executed_lines": [1, 3, 4, 9], "summary": {"covered_lines": 3, "num_statements": 3, "percent_covered": 100.0, "percent_covered_display": "100", "missing_lines": 0, "excluded_lines": 0}, "missing_lines": [], "excluded_lines": []}, "src/raimad/ansec.py": {"executed_lines": [1, 3, 5, 6, 8, 9, 11, 12, 14, 15, 17, 18, 20, 21, 23, 24, 26, 27, 29, 30, 32, 33, 41, 43, 44, 45, 46, 47, 49, 61, 62, 69, 73, 74, 75, 77, 92, 93, 100, 105, 110, 111, 115, 116, 118, 123, 124, 126, 132, 138, 144, 145, 147, 153, 159, 160, 162, 163, 178, 179, 186, 191, 192, 196, 201, 202, 204, 209, 210, 212, 218, 224, 230, 231, 233, 239, 245, 246, 248, 249], "summary": {"covered_lines": 79, "num_statements": 103, "percent_covered": 76.69902912621359, "percent_covered_display": "77", "missing_lines": 24, "excluded_lines": 0}, "missing_lines": [70, 71, 101, 106, 119, 127, 133, 139, 148, 154, 168, 169, 174, 187, 197, 205, 213, 219, 225, 234, 240, 254, 255, 260], "excluded_lines": []}, "src/raimad/bbox.py": {"executed_lines": [1, 3, 4, 6, 7, 12, 14, 18, 20, 21, 29, 30, 31, 34, 35, 36, 37, 39, 55, 56, 57, 58, 60, 63, 65, 67, 69, 71, 89, 96, 113, 114, 115, 116, 118, 122, 124, 133, 134, 136, 146, 147, 148, 149, 151, 152, 153, 154, 156, 157, 171, 172, 174, 175, 189, 190, 192, 193, 207, 208, 210, 211, 225, 226, 228, 229, 243, 244, 246, 247, 261, 262, 264, 269, 270, 272, 274, 305, 306, 323, 324, 326, 327, 344, 345, 347, 348, 365, 366, 368, 369, 386, 387, 389, 390, 407, 408, 410, 411, 428, 429, 431, 432, 449, 450, 452, 453, 470, 471, 473, 474, 491, 492, 494, 542, 544, 546, 547, 548, 549, 550, 552, 555, 556, 561], "summary": {"covered_lines": 122, "num_statements": 126, "percent_covered": 96.82539682539682, "percent_covered_display": "97", "missing_lines": 4, "excluded_lines": 0}, "missing_lines": [8, 10, 61, 303], "excluded_lines": []}, "src/raimad/boundbbox.py": {"executed_lines": [1, 3, 5, 6, 8, 25, 26, 28, 62, 63, 69], "summary": {"covered_lines": 11, "num_statements": 11, "percent_covered": 100.0, "percent_covered_display": "100", "missing_lines": 0, "excluded_lines": 0}, "missing_lines": [], "excluded_lines": []}, "src/raimad/boundpoint.py": {"executed_lines": [1, 3, 4, 9, 11, 13, 14, 15, 16, 17, 19, 20, 21, 23, 24, 34, 35, 37, 47, 50, 51, 55, 57, 65, 75, 82, 89], "summary": {"covered_lines": 27, "num_statements": 44, "percent_covered": 61.36363636363637, "percent_covered_display": "61", "missing_lines": 17, "excluded_lines": 0}, "missing_lines": [5, 7, 29, 38, 39, 41, 48, 58, 63, 72, 73, 79, 80, 86, 87, 93, 94], "excluded_lines": []}, "src/raimad/cif/__init__.py": {"executed_lines": [1, 3], "summary": {"covered_lines": 2, "num_statements": 2, "percent_covered": 100.0, "percent_covered_display": "100", "missing_lines": 0, "excluded_lines": 0}, "missing_lines": [], "excluded_lines": []}, "src/raimad/cif/noreuse.py": {"executed_lines": [1, 3, 5, 6, 12, 13, 14, 16, 18, 19, 21, 25, 26, 27, 28, 30, 37, 40, 43, 44, 45, 46, 47, 48, 52, 60, 61, 62, 68, 69, 70, 73, 74], "summary": {"covered_lines": 33, "num_statements": 33, "percent_covered": 100.0, "percent_covered_display": "100", "missing_lines": 0, "excluded_lines": 0}, "missing_lines": [], "excluded_lines": []}, "src/raimad/cif/shorthand.py": {"executed_lines": [1, 8, 9, 11, 13, 14, 16, 17, 25, 27, 34, 35, 37, 38, 50], "summary": {"covered_lines": 14, "num_statements": 21, "percent_covered": 66.66666666666667, "percent_covered_display": "67", "missing_lines": 7, "excluded_lines": 0}, "missing_lines": [23, 39, 40, 41, 42, 43, 45], "excluded_lines": []}, "src/raimad/circle.py": {"executed_lines": [1, 2, 4, 5, 11, 13, 14, 15, 17, 19, 29], "summary": {"covered_lines": 10, "num_statements": 10, "percent_covered": 100.0, "percent_covered_display": "100", "missing_lines": 0, "excluded_lines": 0}, "missing_lines": [], "excluded_lines": []}, "src/raimad/compo.py": {"executed_lines": [1, 2, 4, 5, 10, 12, 14, 15, 20, 21, 26, 30, 35, 36, 41, 42, 47, 48, 49, 51, 52, 54, 55, 56, 57, 60, 66, 73, 75, 76, 78, 79, 80, 81, 89, 90, 96, 98, 99, 100, 101, 103, 104, 105, 106, 108, 109, 110, 112, 113, 114, 115, 117, 119, 122, 123, 126, 131, 132, 134, 135, 136, 137, 138, 140, 141, 143, 144, 146, 149, 153, 154, 156, 157, 158, 165, 166, 167, 168, 170, 171, 173, 174, 175, 181, 182, 183, 189, 190, 191, 197, 198, 199, 205, 206, 207, 213, 214, 215, 221, 222, 223, 229, 230, 231, 253, 254, 255, 256, 257, 258, 259, 261, 262, 263, 264, 266, 267, 269, 271, 272, 274, 275, 277, 278, 279, 281, 293, 296, 298, 299, 306, 308, 309, 315, 318, 325, 326, 332, 333, 334, 336, 337, 338, 339, 340, 341, 343], "summary": {"covered_lines": 143, "num_statements": 151, "percent_covered": 94.70198675496688, "percent_covered_display": "95", "missing_lines": 8, "excluded_lines": 0}, "missing_lines": [6, 8, 120, 124, 147, 150, 316, 323], "excluded_lines": []}, "src/raimad/custompoly.py": {"executed_lines": [1, 3, 5, 6, 8, 9, 15, 17, 18, 28, 36, 37, 39, 40, 41, 44, 46], "summary": {"covered_lines": 16, "num_statements": 16, "percent_covered": 100.0, "percent_covered_display": "100", "missing_lines": 0, "excluded_lines": 0}, "missing_lines": [], "excluded_lines": []}, "src/raimad/dictlist.py": {"executed_lines": [1, 21, 22, 23, 24, 25, 28, 30, 37, 38, 40, 41, 44, 45, 47, 48, 54, 56, 58, 59, 60, 62, 63, 64, 69, 70, 74, 79, 81, 82, 83, 84, 85, 89, 91, 93, 94, 96, 97, 98, 103, 105, 107, 108, 111, 113, 114, 115, 117, 121, 122, 124, 125, 126, 130, 136, 137, 142, 143, 148, 149, 151, 152, 154, 161, 164, 168, 169, 170, 171, 173, 174], "summary": {"covered_lines": 71, "num_statements": 81, "percent_covered": 87.65432098765432, "percent_covered_display": "88", "missing_lines": 10, "excluded_lines": 0}, "missing_lines": [42, 51, 77, 87, 109, 118, 119, 131, 162, 165], "excluded_lines": []}, "src/raimad/docparse.py": {"executed_lines": [1, 5, 6, 8, 9, 10, 13], "summary": {"covered_lines": 6, "num_statements": 14, "percent_covered": 42.857142857142854, "percent_covered_display": "43", "missing_lines": 8, "excluded_lines": 0}, "missing_lines": [17, 18, 20, 22, 23, 25, 26, 29], "excluded_lines": []}, "src/raimad/empty.py": {"executed_lines": [1, 6, 8, 9, 15, 16, 28, 30, 31, 32, 33, 35, 38, 41, 45], "summary": {"covered_lines": 13, "num_statements": 18, "percent_covered": 72.22222222222223, "percent_covered_display": "72", "missing_lines": 5, "excluded_lines": 0}, "missing_lines": [11, 13, 36, 39, 42], "excluded_lines": []}, "src/raimad/err.py": {"executed_lines": [1, 2, 3, 4, 5, 7, 8, 9, 10, 11, 12, 13, 14, 15, 17, 18, 19, 20, 22, 24, 28], "summary": {"covered_lines": 21, "num_statements": 21, "percent_covered": 100.0, "percent_covered_display": "100", "missing_lines": 0, "excluded_lines": 0}, "missing_lines": [], "excluded_lines": []}, "src/raimad/graphviz.py": {"executed_lines": [1, 7, 9, 10, 13, 15, 26, 32, 43], "summary": {"covered_lines": 8, "num_statements": 21, "percent_covered": 38.095238095238095, "percent_covered_display": "38", "missing_lines": 13, "excluded_lines": 0}, "missing_lines": [11, 21, 22, 23, 24, 30, 33, 35, 36, 38, 39, 41, 44], "excluded_lines": []}, "src/raimad/helpers.py": {"executed_lines": [1, 8, 11, 12, 17, 18, 19, 21, 23, 24, 25, 26, 28, 29, 30, 32, 36, 37, 38, 40, 41, 46, 47, 53, 58, 59, 60, 61, 63, 64, 66, 72, 76, 81, 95], "summary": {"covered_lines": 35, "num_statements": 40, "percent_covered": 87.5, "percent_covered_display": "88", "missing_lines": 5, "excluded_lines": 0}, "missing_lines": [14, 88, 101, 102, 103], "excluded_lines": []}, "src/raimad/iters.py": {"executed_lines": [1, 5, 6, 7, 9, 12, 13, 26, 45, 50, 53, 58, 60, 63, 64, 65, 66, 68, 69, 70, 71, 73, 78, 80, 82, 88, 91, 98, 118, 119, 121, 122, 126, 127, 128, 129, 130, 131, 132], "summary": {"covered_lines": 38, "num_statements": 43, "percent_covered": 88.37209302325581, "percent_covered_display": "88", "missing_lines": 5, "excluded_lines": 0}, "missing_lines": [23, 42, 51, 89, 95], "excluded_lines": []}, "src/raimad/layer.py": {"executed_lines": [1, 3, 4, 5, 6], "summary": {"covered_lines": 5, "num_statements": 5, "percent_covered": 100.0, "percent_covered_display": "100", "missing_lines": 0, "excluded_lines": 0}, "missing_lines": [], "excluded_lines": []}, "src/raimad/mark.py": {"executed_lines": [1, 3, 4, 5, 6], "summary": {"covered_lines": 5, "num_statements": 5, "percent_covered": 100.0, "percent_covered_display": "100", "missing_lines": 0, "excluded_lines": 0}, "missing_lines": [], "excluded_lines": []}, "src/raimad/option.py": {"executed_lines": [1, 3, 4, 9, 12, 13, 14, 16, 20, 21, 22, 23, 24, 25, 30, 31, 32, 33, 35, 36, 38, 39, 41, 42, 44, 45, 48, 49, 50, 51], "summary": {"covered_lines": 30, "num_statements": 32, "percent_covered": 93.75, "percent_covered_display": "94", "missing_lines": 2, "excluded_lines": 0}, "missing_lines": [5, 7], "excluded_lines": []}, "src/raimad/partial.py": {"executed_lines": [1, 2, 3, 5, 6, 8, 12], "summary": {"covered_lines": 7, "num_statements": 12, "percent_covered": 58.333333333333336, "percent_covered_display": "58", "missing_lines": 5, "excluded_lines": 0}, "missing_lines": [9, 10, 13, 14, 15], "excluded_lines": []}, "src/raimad/proxy.py": {"executed_lines": [1, 3, 4, 9, 11, 13, 14, 15, 17, 18, 19, 21, 22, 24, 25, 30, 33, 34, 36, 38, 40, 42, 44, 45, 46, 47, 48, 49, 51, 52, 54, 55, 60, 63, 70, 77, 78, 80, 89, 91, 92, 93, 94, 96, 97, 102, 105, 106, 108, 115, 116, 117, 118, 119, 120, 122, 123, 132, 146, 154, 155, 156, 165, 166, 167, 169, 170, 172, 173, 175, 179, 183, 186, 187, 188, 190, 191, 195, 215, 221, 228, 243, 244, 248, 260, 267, 271, 272, 273, 275, 279, 280, 281, 283, 287, 288, 289, 291, 295, 296, 297, 299, 300, 301, 303, 304, 305, 314, 315, 316, 317, 318, 319, 320, 323, 324, 325, 327, 331, 332, 333, 335, 336, 337, 339], "summary": {"covered_lines": 125, "num_statements": 158, "percent_covered": 79.11392405063292, "percent_covered_display": "79", "missing_lines": 33, "excluded_lines": 0}, "missing_lines": [5, 7, 27, 31, 58, 87, 133, 134, 142, 147, 148, 150, 176, 177, 180, 181, 184, 193, 232, 249, 253, 261, 268, 269, 276, 277, 284, 285, 292, 293, 328, 329, 344], "excluded_lines": []}, "src/raimad/rectlw.py": {"executed_lines": [1, 3, 4, 9, 11, 12, 13, 15, 16, 17, 19], "summary": {"covered_lines": 10, "num_statements": 10, "percent_covered": 100.0, "percent_covered_display": "100", "missing_lines": 0, "excluded_lines": 0}, "missing_lines": [], "excluded_lines": []}, "src/raimad/rectwire.py": {"executed_lines": [1, 3, 4, 6, 7, 9, 10, 12, 13, 15, 16, 21, 23, 24, 25, 26, 28, 39, 41, 46, 57, 65, 71, 77, 83, 84, 85, 89, 91, 92, 93, 95, 96, 101, 102, 107, 108], "summary": {"covered_lines": 36, "num_statements": 40, "percent_covered": 90.0, "percent_covered_display": "90", "missing_lines": 4, "excluded_lines": 0}, "missing_lines": [66, 72, 78, 113], "excluded_lines": []}, "src/raimad/snowman.py": {"executed_lines": [1, 3, 4, 9, 11, 12, 14, 15, 16, 18, 19, 22, 25, 29, 35, 36, 37, 39, 40, 42, 44, 48, 49, 54, 60, 64, 66, 67, 68, 69, 70, 71], "summary": {"covered_lines": 31, "num_statements": 31, "percent_covered": 100.0, "percent_covered_display": "100", "missing_lines": 0, "excluded_lines": 0}, "missing_lines": [], "excluded_lines": []}, "src/raimad/string_import.py": {"executed_lines": [1, 7, 9, 10, 12, 13, 15, 16, 18, 19, 20, 21, 23, 27, 29, 30, 31, 32, 33, 34, 36, 42, 43, 45, 46, 49, 57, 58, 60, 61, 66, 73], "summary": {"covered_lines": 31, "num_statements": 34, "percent_covered": 91.17647058823529, "percent_covered_display": "91", "missing_lines": 3, "excluded_lines": 0}, "missing_lines": [22, 37, 67], "excluded_lines": []}, "src/raimad/svg.py": {"executed_lines": [1, 3, 5, 6, 8, 9, 11, 22, 23, 24, 32, 33, 35, 37], "summary": {"covered_lines": 14, "num_statements": 14, "percent_covered": 100.0, "percent_covered_display": "100", "missing_lines": 0, "excluded_lines": 0}, "missing_lines": [], "excluded_lines": []}, "src/raimad/transform.py": {"executed_lines": [1, 3, 4, 9, 10, 12, 13, 17, 19, 20, 22, 23, 25, 32, 34, 38, 40, 48, 51, 54, 57, 60, 64, 67, 70, 75, 103, 104, 110, 111, 112, 114, 115, 116, 118, 119, 120, 122, 123, 124, 125, 126, 128, 135, 140, 142, 149, 150, 154, 156], "summary": {"covered_lines": 49, "num_statements": 79, "percent_covered": 62.0253164556962, "percent_covered_display": "62", "missing_lines": 30, "excluded_lines": 0}, "missing_lines": [5, 7, 44, 45, 46, 49, 52, 55, 58, 61, 62, 65, 68, 71, 73, 76, 77, 78, 79, 81, 82, 83, 84, 86, 88, 90, 143, 147, 157, 161], "excluded_lines": []}, "src/raimad/typing.py": {"executed_lines": [1, 6, 7, 8, 13, 15, 16, 17, 19, 20, 21, 23, 24, 25, 27, 28, 29, 30, 31, 32, 33, 39, 42], "summary": {"covered_lines": 22, "num_statements": 24, "percent_covered": 91.66666666666667, "percent_covered_display": "92", "missing_lines": 2, "excluded_lines": 0}, "missing_lines": [9, 11], "excluded_lines": []}, "tests/__init__.py": {"executed_lines": [1], "summary": {"covered_lines": 1, "num_statements": 1, "percent_covered": 100.0, "percent_covered_display": "100", "missing_lines": 0, "excluded_lines": 0}, "missing_lines": [], "excluded_lines": []}, "tests/test_affine.py": {"executed_lines": [1, 2, 4, 6, 7, 8, 13, 14, 20, 25, 26, 32, 38, 47, 48, 54, 60, 66, 75, 76, 81, 82, 87, 88, 93, 94, 99, 100, 105, 106, 113, 114, 116, 117, 124, 125, 127, 128, 135, 137, 138, 145, 149], "summary": {"covered_lines": 43, "num_statements": 44, "percent_covered": 97.72727272727273, "percent_covered_display": "98", "missing_lines": 1, "excluded_lines": 0}, "missing_lines": [150], "excluded_lines": []}, "tests/test_bbox.py": {"executed_lines": [1, 3, 5, 7, 9, 10, 14, 15, 18, 22, 23, 27, 28, 32, 34, 35, 37, 41, 42, 43, 44, 45, 46, 47, 51, 55, 59, 63, 67, 71, 75, 79, 84, 85, 87, 91, 92, 93, 94, 95, 96, 97, 101, 105, 109, 113, 117, 121, 125, 129, 134, 135, 137, 141, 142, 143, 144, 145, 146, 147, 151, 155, 159, 163, 167, 171, 175, 179, 184, 185, 186, 188, 193, 198, 203, 204, 206, 207, 209, 214, 219, 224, 229, 234, 239, 240, 242, 244, 245, 247, 248, 250, 251, 253, 254, 256, 258, 263, 266, 267, 268, 269, 271, 273, 278, 279, 280, 281, 283, 284, 285, 287, 288, 289, 291, 292, 293, 295, 296, 304, 305, 307, 309, 315], "summary": {"covered_lines": 122, "num_statements": 123, "percent_covered": 99.1869918699187, "percent_covered_display": "99", "missing_lines": 1, "excluded_lines": 0}, "missing_lines": [316], "excluded_lines": []}, "tests/test_boundpoint.py": {"executed_lines": [1, 13, 15, 17, 19, 20, 21, 32, 33, 35, 36, 37, 38, 40, 42, 47, 49, 54, 60, 61, 63, 68, 73, 75, 80, 87, 88, 90, 95, 96, 97, 99, 104], "summary": {"covered_lines": 32, "num_statements": 33, "percent_covered": 96.96969696969697, "percent_covered_display": "97", "missing_lines": 1, "excluded_lines": 0}, "missing_lines": [105], "excluded_lines": []}, "tests/test_cif_noreuse.py": {"executed_lines": [1, 3, 4, 6, 8, 10, 13, 15, 20, 21, 23, 37, 40, 47, 52, 53, 55, 70], "summary": {"covered_lines": 18, "num_statements": 19, "percent_covered": 94.73684210526316, "percent_covered_display": "95", "missing_lines": 1, "excluded_lines": 0}, "missing_lines": [71], "excluded_lines": []}, "tests/test_cli.py": {"executed_lines": [1, 2, 3, 4, 5, 6, 7, 8, 10, 12, 13, 14, 16, 18, 19, 20, 21, 25, 27, 29, 30, 31, 32, 36, 38, 42], "summary": {"covered_lines": 26, "num_statements": 27, "percent_covered": 96.29629629629629, "percent_covered_display": "96", "missing_lines": 1, "excluded_lines": 0}, "missing_lines": [43], "excluded_lines": []}, "tests/test_compo.py": {"executed_lines": [1, 3, 5, 7, 8, 9, 25, 26, 27, 33, 40, 42, 43, 44, 47, 50, 52, 53, 54, 56, 57, 58, 61, 64, 67, 69, 74, 75, 76, 78, 79, 81, 86, 87, 88, 90, 91, 94, 95, 97, 103, 105, 106, 108, 109, 111, 112, 114, 115, 117, 118, 120, 121, 123, 124, 126, 127, 129, 134, 136, 137, 140, 141, 144], "summary": {"covered_lines": 64, "num_statements": 65, "percent_covered": 98.46153846153847, "percent_covered_display": "98", "missing_lines": 1, "excluded_lines": 0}, "missing_lines": [145], "excluded_lines": []}, "tests/test_compoclass_introspect.py": {"executed_lines": [1, 3, 5, 6, 7, 8, 10, 11, 12, 13, 15, 16, 17, 18, 19, 20, 22, 32, 34, 36, 41, 46, 51, 56, 58, 63, 68, 70, 75, 80, 86, 92, 94, 95, 98, 100, 101, 103, 106], "summary": {"covered_lines": 39, "num_statements": 41, "percent_covered": 95.1219512195122, "percent_covered_display": "95", "missing_lines": 2, "excluded_lines": 0}, "missing_lines": [29, 107], "excluded_lines": []}, "tests/test_custom_base.py": {"executed_lines": [1, 5, 6, 8, 10, 12, 13, 18, 23, 28, 34], "summary": {"covered_lines": 10, "num_statements": 11, "percent_covered": 90.9090909090909, "percent_covered_display": "91", "missing_lines": 1, "excluded_lines": 0}, "missing_lines": [35], "excluded_lines": []}, "tests/test_dictlist.py": {"executed_lines": [1, 5, 7, 9, 11, 12, 13, 14, 16, 17, 18, 19, 20, 22, 24, 25, 26, 27, 28, 30, 31, 32, 33, 35, 36, 37, 38, 39, 41, 43, 44, 45, 46, 47, 49, 50, 51, 52, 54, 55, 56, 57, 58, 60, 62, 63, 64, 65, 66, 68, 69, 70, 71, 73, 74, 75, 76, 77, 78, 79, 81, 82, 84, 85, 87, 89, 90, 91, 92, 93, 94, 95, 97, 98, 100, 101, 103, 104, 106, 107, 108, 110, 111, 113, 114, 116, 125, 126, 127, 129, 130, 131, 133, 134, 136, 137, 139, 140, 141, 150, 151, 152, 153, 155, 157, 158, 159, 160, 162, 164, 165, 166, 167, 169, 170, 171, 172, 174, 175, 177, 178, 180, 181, 183, 184, 186, 187, 189, 190, 191, 192, 194, 195, 198], "summary": {"covered_lines": 133, "num_statements": 134, "percent_covered": 99.25373134328358, "percent_covered_display": "99", "missing_lines": 1, "excluded_lines": 0}, "missing_lines": [199], "excluded_lines": []}, "tests/test_geoms_equal_mixin.py": {"executed_lines": [1, 2, 4, 7, 8, 14, 15, 36, 37, 68, 69, 90, 91, 132, 133, 182, 183, 242, 243, 244, 266], "summary": {"covered_lines": 20, "num_statements": 21, "percent_covered": 95.23809523809524, "percent_covered_display": "95", "missing_lines": 1, "excluded_lines": 0}, "missing_lines": [267], "excluded_lines": []}, "tests/test_helpers.py": {"executed_lines": [1, 3, 5, 8, 10, 11, 15, 19, 23, 27, 31, 32, 37, 42, 47, 48, 53, 58, 63, 68, 73, 88, 103, 104, 109, 114, 119, 124, 171], "summary": {"covered_lines": 29, "num_statements": 30, "percent_covered": 96.66666666666667, "percent_covered_display": "97", "missing_lines": 1, "excluded_lines": 0}, "missing_lines": [172], "excluded_lines": []}, "tests/test_lmap.py": {"executed_lines": [1, 5, 7, 9, 11, 12, 14, 17, 18, 19, 21, 22, 23, 25, 28, 29, 30, 32, 33, 34, 36, 39, 40, 44, 46, 47, 48, 51, 53, 56, 57, 58, 60, 61, 62, 64, 67, 68, 69, 71, 72, 73, 75, 78, 79, 83, 85, 89, 92, 96, 97, 99, 100, 101, 102, 103, 104, 106, 109, 113, 114, 116, 117, 118, 124, 127, 133, 137, 139, 140, 141, 142, 145], "summary": {"covered_lines": 72, "num_statements": 73, "percent_covered": 98.63013698630137, "percent_covered_display": "99", "missing_lines": 1, "excluded_lines": 0}, "missing_lines": [146], "excluded_lines": []}, "tests/test_marks.py": {"executed_lines": [1, 3, 5, 7, 9, 10, 11, 26, 28, 29, 30, 37, 39, 40, 41, 48, 55, 63, 65, 66, 67, 82, 84, 85, 86, 93, 95, 96, 97, 104, 111, 119, 121, 123, 124, 126, 131, 136, 141, 142, 144, 149, 154, 160], "summary": {"covered_lines": 44, "num_statements": 45, "percent_covered": 97.77777777777777, "percent_covered_display": "98", "missing_lines": 1, "excluded_lines": 0}, "missing_lines": [161], "excluded_lines": []}, "tests/test_named_subcompos.py": {"executed_lines": [1, 3, 5, 7, 8, 9, 10, 11, 13, 15, 16, 18, 19, 20, 21, 22, 24, 26, 27, 29, 43, 45, 47, 49, 54, 59, 61, 63, 68, 88], "summary": {"covered_lines": 30, "num_statements": 31, "percent_covered": 96.7741935483871, "percent_covered_display": "97", "missing_lines": 1, "excluded_lines": 0}, "missing_lines": [89], "excluded_lines": []}, "tests/test_polys.py": {"executed_lines": [1, 3, 5, 7, 9, 11, 12, 13, 27, 28, 29, 30, 31, 32, 37, 38, 39, 53, 54, 55, 69, 70, 76, 90, 95, 96, 104, 105, 112, 113, 120, 125, 126, 133, 134, 141, 142, 199, 200, 202, 203, 204, 205, 206, 224, 226, 234, 236, 244, 246, 252, 254, 260, 264, 269, 282, 286, 291, 303, 307, 313], "summary": {"covered_lines": 61, "num_statements": 62, "percent_covered": 98.38709677419355, "percent_covered_display": "98", "missing_lines": 1, "excluded_lines": 0}, "missing_lines": [314], "excluded_lines": []}, "tests/test_snowman.py": {"executed_lines": [1, 3, 5, 7, 8, 9, 12, 15, 18, 21], "summary": {"covered_lines": 10, "num_statements": 11, "percent_covered": 90.9090909090909, "percent_covered_display": "91", "missing_lines": 1, "excluded_lines": 0}, "missing_lines": [22], "excluded_lines": []}, "tests/test_string_import.py": {"executed_lines": [1, 8, 9, 10, 11, 12, 14, 16, 17, 18, 20, 22, 26, 31, 39, 53, 58, 59, 61, 66, 67, 69, 74, 75, 77, 83, 84, 90, 101, 103, 107, 109, 112], "summary": {"covered_lines": 32, "num_statements": 33, "percent_covered": 96.96969696969697, "percent_covered_display": "97", "missing_lines": 1, "excluded_lines": 0}, "missing_lines": [113], "excluded_lines": []}, "tests/test_transform.py": {"executed_lines": [1, 3, 5, 7, 8, 9, 25, 26, 27, 34, 42, 44, 45, 46, 49, 52, 53, 56, 57, 59, 60, 62, 63, 65, 66, 69, 70, 73, 74, 76, 77, 78, 80, 81, 87, 94, 95, 98], "summary": {"covered_lines": 38, "num_statements": 39, "percent_covered": 97.43589743589743, "percent_covered_display": "97", "missing_lines": 1, "excluded_lines": 0}, "missing_lines": [99], "excluded_lines": []}, "tests/utils.py": {"executed_lines": [1, 2, 3, 4, 6, 7, 9, 10, 22, 23, 25, 26, 27, 29, 30, 32, 33, 41, 42, 44, 45, 51, 52, 53, 55, 60, 61, 68, 76, 78, 79, 81, 82, 83, 84, 101, 102, 103, 104, 105, 106, 107, 108, 109, 111], "summary": {"covered_lines": 44, "num_statements": 58, "percent_covered": 75.86206896551724, "percent_covered_display": "76", "missing_lines": 14, "excluded_lines": 0}, "missing_lines": [11, 12, 14, 15, 16, 17, 18, 19, 34, 35, 36, 37, 38, 39], "excluded_lines": []}}, "totals": {"covered_lines": 1978, "num_statements": 2196, "percent_covered": 90.0728597449909, "percent_covered_display": "90", "missing_lines": 218, "excluded_lines": 0}}